{
  "stats": {
    "suites": 1,
    "tests": 1,
    "passes": 1,
    "pending": 0,
    "failures": 0,
    "start": "2018-08-31T01:37:17.588Z",
    "end": "2018-08-31T01:37:22.237Z",
    "duration": 4649,
    "testsRegistered": 1,
    "passPercent": 100,
    "pendingPercent": 0,
    "other": 0,
    "hasOther": false,
    "skipped": 0,
    "hasSkipped": false,
    "passPercentClass": "success",
    "pendingPercentClass": "danger"
  },
  "suites": {
    "uuid": "9f68a3dc-48a3-4a72-be1b-f12b2def6f6a",
    "title": "",
    "fullFile": "",
    "file": "",
    "beforeHooks": [],
    "afterHooks": [],
    "tests": [],
    "suites": [
      {
        "uuid": "28dd9382-949a-4ea1-9c0b-dbfe5786c6ff",
        "title": "Mobile > Main",
        "fullFile": "C:\\Users\\hyyoon\\Desktop\\lottemart_test\\test\\index.js",
        "file": "\\test\\index.js",
        "beforeHooks": [
          {
            "title": "\"before each\" hook",
            "fullTitle": "Mobile > Main \"before each\" hook",
            "timedOut": false,
            "duration": 4626,
            "pass": false,
            "fail": false,
            "pending": false,
            "code": "await driver.get(C.mobileUrl);",
            "err": {},
            "isRoot": false,
            "uuid": "2f4b2b4f-6731-4a7d-a2ef-d21c05208e5b",
            "isHook": true,
            "skipped": false
          }
        ],
        "afterHooks": [
          {
            "title": "\"after each\" hook",
            "fullTitle": "Mobile > Main \"after each\" hook",
            "timedOut": false,
            "duration": 1,
            "pass": false,
            "fail": false,
            "pending": false,
            "code": "driver.quit();",
            "err": {},
            "isRoot": false,
            "uuid": "9a9b0477-30bf-4b6a-8e13-356f33bae4df",
            "isHook": true,
            "skipped": false
          }
        ],
        "tests": [
          {
            "title": "Page Title 은 \"롯데마트몰 - easy & slow life\" 인가?",
            "fullTitle": "Mobile > Main Page Title 은 \"롯데마트몰 - easy & slow life\" 인가?",
            "timedOut": false,
            "duration": 7,
            "state": "passed",
            "speed": "fast",
            "pass": true,
            "fail": false,
            "pending": false,
            "code": "return driver.getTitle().then((title) => {\n    assert.equal(title, '롯데마트몰 - easy & slow life');\n});",
            "err": {},
            "isRoot": false,
            "uuid": "07d101db-c1af-4c7f-aebc-5524cfce4077",
            "isHook": false,
            "skipped": false
          }
        ],
        "suites": [],
        "passes": [
          "07d101db-c1af-4c7f-aebc-5524cfce4077"
        ],
        "failures": [],
        "pending": [],
        "skipped": [],
        "duration": 7,
        "root": false,
        "rootEmpty": false,
        "_timeout": 20000
      }
    ],
    "passes": [],
    "failures": [],
    "pending": [],
    "skipped": [],
    "duration": 0,
    "root": true,
    "rootEmpty": true,
    "_timeout": 2000
  },
  "copyrightYear": 2018
}