{
  "stats": {
    "suites": 1,
    "tests": 1,
    "passes": 1,
    "pending": 0,
    "failures": 0,
    "start": "2018-08-31T04:29:02.794Z",
    "end": "2018-08-31T04:29:07.561Z",
    "duration": 4767,
    "testsRegistered": 1,
    "passPercent": 100,
    "pendingPercent": 0,
    "other": 0,
    "hasOther": false,
    "skipped": 0,
    "hasSkipped": false,
    "passPercentClass": "success",
    "pendingPercentClass": "danger"
  },
  "suites": {
    "uuid": "e86e5763-5565-4377-aca7-ece3f2ade8c9",
    "title": "",
    "fullFile": "",
    "file": "",
    "beforeHooks": [],
    "afterHooks": [],
    "tests": [],
    "suites": [
      {
        "uuid": "86b51b1e-975c-4189-b088-a80151224518",
        "title": "Mobile > Main",
        "fullFile": "C:\\Users\\hyyoon\\Desktop\\lottemart_test\\test\\index.js",
        "file": "\\test\\index.js",
        "beforeHooks": [
          {
            "title": "\"before each\" hook",
            "fullTitle": "Mobile > Main \"before each\" hook",
            "timedOut": false,
            "duration": 4744,
            "pass": false,
            "fail": false,
            "pending": false,
            "code": "await driver.get(C.mobileUrl);",
            "err": {},
            "isRoot": false,
            "uuid": "6416febd-a8b9-4ee3-858a-75ea9d6944f9",
            "isHook": true,
            "skipped": false
          }
        ],
        "afterHooks": [
          {
            "title": "\"after each\" hook",
            "fullTitle": "Mobile > Main \"after each\" hook",
            "timedOut": false,
            "duration": 1,
            "pass": false,
            "fail": false,
            "pending": false,
            "code": "driver.quit();",
            "err": {},
            "isRoot": false,
            "uuid": "ac045030-d8e2-4f7e-b856-815ce2faf5b7",
            "isHook": true,
            "skipped": false
          }
        ],
        "tests": [
          {
            "title": "Page Title 은 \"롯데마트몰 - easy & slow life\" 인가?",
            "fullTitle": "Mobile > Main Page Title 은 \"롯데마트몰 - easy & slow life\" 인가?",
            "timedOut": false,
            "duration": 8,
            "state": "passed",
            "speed": "fast",
            "pass": true,
            "fail": false,
            "pending": false,
            "code": "return driver.getTitle().then((title) => {\n    assert.equal(title, '롯데마트몰 - easy & slow life');\n});",
            "err": {},
            "isRoot": false,
            "uuid": "5e8b02b5-3381-4f17-adc2-4e97391f466f",
            "isHook": false,
            "skipped": false
          }
        ],
        "suites": [],
        "passes": [
          "5e8b02b5-3381-4f17-adc2-4e97391f466f"
        ],
        "failures": [],
        "pending": [],
        "skipped": [],
        "duration": 8,
        "root": false,
        "rootEmpty": false,
        "_timeout": 20000
      }
    ],
    "passes": [],
    "failures": [],
    "pending": [],
    "skipped": [],
    "duration": 0,
    "root": true,
    "rootEmpty": true,
    "_timeout": 2000
  },
  "copyrightYear": 2018
}